c:\app\test\bin\cameraposetracker.lib
c:\app\test\bin\cameraposetracker.exp
c:\app\test\cameraposetracker\debug\vc120.pdb
c:\app\test\cameraposetracker\debug\vc120.idb
c:\app\test\cameraposetracker\debug\directshowvideograbber.obj
c:\app\test\cameraposetracker\debug\imageinfoio.obj
c:\app\test\cameraposetracker\debug\main.obj
c:\app\test\cameraposetracker\debug\closedcontour.obj
c:\app\test\cameraposetracker\debug\ellipse2d.obj
c:\app\test\cameraposetracker\debug\markercorrelationtable.obj
c:\app\test\cameraposetracker\debug\markercorrespondencymap.obj
c:\app\test\cameraposetracker\debug\markermodel.obj
c:\app\test\cameraposetracker\debug\markerobservation.obj
c:\app\test\cameraposetracker\debug\markerobservationsamplingmap.obj
c:\app\test\cameraposetracker\debug\markerrigidbody.obj
c:\app\test\cameraposetracker\debug\markerrigidbodyposemap.obj
c:\app\test\cameraposetracker\debug\markersampling.obj
c:\app\test\cameraposetracker\debug\markertracker.obj
c:\app\test\cameraposetracker\debug\markertrackerinterface.obj
c:\app\test\cameraposetracker\debug\markerworld.obj
c:\app\test\cameraposetracker\debug\poseestimator.obj
c:\app\test\bin\cameraposetracker.ilk
c:\app\test\bin\cameraposetracker.exe
c:\app\test\bin\cameraposetracker.pdb
c:\app\test\\bin\cameraposetracker.pdb
c:\app\test\\bin\cameraposetracker.exe
c:\app\test\\bin\cameraposetracker.ilk
c:\app\test\cameraposetracker\debug\camerapo.2a55758c.tlog\cameraposetracker.write.1u.tlog
c:\app\test\cameraposetracker\debug\camerapo.2a55758c.tlog\cl.command.1.tlog
c:\app\test\cameraposetracker\debug\camerapo.2a55758c.tlog\cl.read.1.tlog
c:\app\test\cameraposetracker\debug\camerapo.2a55758c.tlog\cl.write.1.tlog
c:\app\test\cameraposetracker\debug\camerapo.2a55758c.tlog\link.command.1.tlog
c:\app\test\cameraposetracker\debug\camerapo.2a55758c.tlog\link.read.1.tlog
c:\app\test\cameraposetracker\debug\camerapo.2a55758c.tlog\link.write.1.tlog
