c:\app\test\regiestration\debug\vc120.pdb
c:\app\test\regiestration\debug\vc120.idb
c:\app\test\regiestration\debug\main.obj
c:\app\test\regiestration\debug\test.obj
c:\app\test\regiestration\debug\timer.obj
c:\app\test\regiestration\debug\camera.obj
c:\app\test\regiestration\debug\reconstruction.obj
c:\app\test\regiestration\debug\reconstructionestimator.obj
c:\app\test\regiestration\debug\trackbuilder.obj
c:\app\test\regiestration\debug\trackestimator.obj
c:\app\test\regiestration\debug\triangulation.obj
c:\app\test\regiestration\debug\viewgraph.obj
c:\app\test\regiestration\debug\imageinfoio.obj
c:\app\test\regiestration\debug\util.obj
c:\app\test\bin\regiestration.ilk
c:\app\test\bin\regiestration.exe
c:\app\test\bin\regiestration.pdb
c:\app\test\\bin\regiestration.pdb
c:\app\test\\bin\regiestration.exe
c:\app\test\\bin\regiestration.ilk
c:\app\test\regiestration\debug\regiestration.tlog\cl.command.1.tlog
c:\app\test\regiestration\debug\regiestration.tlog\cl.read.1.tlog
c:\app\test\regiestration\debug\regiestration.tlog\cl.write.1.tlog
c:\app\test\regiestration\debug\regiestration.tlog\link.command.1.tlog
c:\app\test\regiestration\debug\regiestration.tlog\link.read.1.tlog
c:\app\test\regiestration\debug\regiestration.tlog\link.write.1.tlog
